[debug] [2025-11-19T13:39:19.558Z] ----------------------------------------------------------------------
[debug] [2025-11-19T13:39:19.559Z] Command:       /Users/trinadhdivvela/.nvm/versions/node/v22.14.0/bin/node /usr/local/bin/firebase deploy --only hosting
[debug] [2025-11-19T13:39:19.560Z] CLI Version:   13.16.0
[debug] [2025-11-19T13:39:19.560Z] Platform:      darwin
[debug] [2025-11-19T13:39:19.560Z] Node Version:  v22.14.0
[debug] [2025-11-19T13:39:19.560Z] Time:          Wed Nov 19 2025 19:09:19 GMT+0530 (India Standard Time)
[debug] [2025-11-19T13:39:19.560Z] ----------------------------------------------------------------------
[debug] 
[debug] [2025-11-19T13:39:19.562Z] >>> [apiv2][query] GET https://firebase-public.firebaseio.com/cli.json [none]
[debug] [2025-11-19T13:39:19.613Z] > command requires scopes: ["email","openid","https://www.googleapis.com/auth/cloudplatformprojects.readonly","https://www.googleapis.com/auth/firebase","https://www.googleapis.com/auth/cloud-platform"]
[debug] [2025-11-19T13:39:19.613Z] > authorizing via signed-in user (trinadhdivvela@gmail.com)
[debug] [2025-11-19T13:39:19.613Z] [iam] checking project springboot-gcp-mysql-334913 for permissions ["firebase.projects.get","firebasehosting.sites.update"]
[debug] [2025-11-19T13:39:19.613Z] > refreshing access token with scopes: []
[debug] [2025-11-19T13:39:19.614Z] >>> [apiv2][query] POST https://www.googleapis.com/oauth2/v3/token [none]
[debug] [2025-11-19T13:39:19.614Z] >>> [apiv2][body] POST https://www.googleapis.com/oauth2/v3/token [omitted]
[debug] [2025-11-19T13:39:19.748Z] <<< [apiv2][status] POST https://www.googleapis.com/oauth2/v3/token 400
[debug] [2025-11-19T13:39:19.748Z] <<< [apiv2][body] POST https://www.googleapis.com/oauth2/v3/token [omitted]
[debug] [2025-11-19T13:39:19.748Z] >>> [apiv2][query] POST https://cloudresourcemanager.googleapis.com/v1/projects/springboot-gcp-mysql-334913:testIamPermissions [none]
[debug] [2025-11-19T13:39:19.748Z] >>> [apiv2][(partial)header] POST https://cloudresourcemanager.googleapis.com/v1/projects/springboot-gcp-mysql-334913:testIamPermissions x-goog-quota-user=projects/springboot-gcp-mysql-334913
[debug] [2025-11-19T13:39:19.748Z] >>> [apiv2][body] POST https://cloudresourcemanager.googleapis.com/v1/projects/springboot-gcp-mysql-334913:testIamPermissions {"permissions":["firebase.projects.get","firebasehosting.sites.update"]}
[debug] [2025-11-19T13:39:20.162Z] <<< [apiv2][status] GET https://firebase-public.firebaseio.com/cli.json 200
[debug] [2025-11-19T13:39:20.163Z] <<< [apiv2][body] GET https://firebase-public.firebaseio.com/cli.json {"cloudBuildErrorAfter":1594252800000,"cloudBuildWarnAfter":1590019200000,"defaultNode10After":1594252800000,"minVersion":"3.0.5","node8DeploysDisabledAfter":1613390400000,"node8RuntimeDisabledAfter":1615809600000,"node8WarnAfter":1600128000000}
[debug] [2025-11-19T13:39:21.093Z] <<< [apiv2][status] POST https://cloudresourcemanager.googleapis.com/v1/projects/springboot-gcp-mysql-334913:testIamPermissions 401
[debug] [2025-11-19T13:39:21.093Z] <<< [apiv2][body] POST https://cloudresourcemanager.googleapis.com/v1/projects/springboot-gcp-mysql-334913:testIamPermissions {"error":{"code":401,"message":"Request had invalid authentication credentials. Expected OAuth 2 access token, login cookie or other valid authentication credential. See https://developers.google.com/identity/sign-in/web/devconsole-project.","status":"UNAUTHENTICATED","details":[{"@type":"type.googleapis.com/google.rpc.ErrorInfo","reason":"ACCESS_TOKEN_TYPE_UNSUPPORTED","metadata":{"method":"google.cloudresourcemanager.v1.Projects.TestIamPermissions","service":"cloudresourcemanager.googleapis.com"}}]}}
[debug] [2025-11-19T13:39:21.095Z] [iam] error while checking permissions, command may fail: FirebaseError: HTTP Error: 401, Request had invalid authentication credentials. Expected OAuth 2 access token, login cookie or other valid authentication credential. See https://developers.google.com/identity/sign-in/web/devconsole-project.
[debug] [2025-11-19T13:39:21.096Z] > refreshing access token with scopes: []
[debug] [2025-11-19T13:39:21.096Z] >>> [apiv2][query] POST https://www.googleapis.com/oauth2/v3/token [none]
[debug] [2025-11-19T13:39:21.096Z] >>> [apiv2][body] POST https://www.googleapis.com/oauth2/v3/token [omitted]
[debug] [2025-11-19T13:39:21.169Z] <<< [apiv2][status] POST https://www.googleapis.com/oauth2/v3/token 400
[debug] [2025-11-19T13:39:21.170Z] <<< [apiv2][body] POST https://www.googleapis.com/oauth2/v3/token [omitted]
[debug] [2025-11-19T13:39:21.170Z] >>> [apiv2][query] GET https://firebase.googleapis.com/v1beta1/projects/springboot-gcp-mysql-334913 [none]
[debug] [2025-11-19T13:39:21.369Z] <<< [apiv2][status] GET https://firebase.googleapis.com/v1beta1/projects/springboot-gcp-mysql-334913 401
[debug] [2025-11-19T13:39:21.369Z] <<< [apiv2][body] GET https://firebase.googleapis.com/v1beta1/projects/springboot-gcp-mysql-334913 {"error":{"code":401,"message":"Request had invalid authentication credentials. Expected OAuth 2 access token, login cookie or other valid authentication credential. See https://developers.google.com/identity/sign-in/web/devconsole-project.","status":"UNAUTHENTICATED"}}
[debug] [2025-11-19T13:39:21.369Z] HTTP Error: 401, Request had invalid authentication credentials. Expected OAuth 2 access token, login cookie or other valid authentication credential. See https://developers.google.com/identity/sign-in/web/devconsole-project.
[error] 
[error] Error: Assertion failed: resolving hosting target of a site with no site name or target name. This should have caused an error earlier
